#
# There is insufficient memory for the Java Runtime Environment to continue.
# Native memory allocation (malloc) failed to allocate 1584544 bytes. Error detail: Chunk::new
# Possible reasons:
#   The system is out of physical RAM or swap space
#   This process is running with CompressedOops enabled, and the Java Heap may be blocking the growth of the native heap
# Possible solutions:
#   Reduce memory load on the system
#   Increase physical memory or swap space
#   Check if swap backing store is full
#   Decrease Java heap size (-Xmx/-Xms)
#   Decrease number of Java threads
#   Decrease Java thread stack sizes (-Xss)
#   Set larger code cache with -XX:ReservedCodeCacheSize=
#   JVM is running with Unscaled Compressed Oops mode in which the Java heap is
#     placed in the first 4GB address space. The Java Heap base address is the
#     maximum limit for the native heap growth. Please use -XX:HeapBaseMinAddress
#     to set the Java Heap base and to place the Java Heap above 4GB virtual address.
# This output file may be truncated or incomplete.
#
#  Out of Memory Error (arena.cpp:168), pid=2304, tid=18664
#
# JRE version: OpenJDK Runtime Environment Temurin-21.0.7+6 (21.0.7+6) (build 21.0.7+6-LTS)
# Java VM: OpenJDK 64-Bit Server VM Temurin-21.0.7+6 (21.0.7+6-LTS, mixed mode, sharing, tiered, compressed oops, compressed class ptrs, parallel gc, windows-amd64)
# No core dump will be written. Minidumps are not enabled by default on client versions of Windows
#

---------------  S U M M A R Y ------------

Command Line: --add-modules=ALL-SYSTEM --add-opens=java.base/java.util=ALL-UNNAMED --add-opens=java.base/java.lang=ALL-UNNAMED --add-opens=java.base/sun.nio.fs=ALL-UNNAMED -Declipse.application=org.eclipse.jdt.ls.core.id1 -Dosgi.bundles.defaultStartLevel=4 -Declipse.product=org.eclipse.jdt.ls.core.product -Djava.import.generatesMetadataFilesAtProjectRoot=false -DDetectVMInstallationsJob.disabled=true -Dfile.encoding=utf8 -XX:+UseParallelGC -XX:GCTimeRatio=4 -XX:AdaptiveSizePolicyWeight=90 -Dsun.zip.disableMemoryMapping=true -Xmx2G -Xms100m -Xlog:disable -javaagent:c:\Users\HP\.vscode\extensions\redhat.java-1.43.0-win32-x64\lombok\lombok-1.18.39-4050.jar -XX:+HeapDumpOnOutOfMemoryError -XX:HeapDumpPath=c:\Users\HP\AppData\Roaming\Code\User\workspaceStorage\15d1bb7da87e680aaff2ad44886131b7\redhat.java -Daether.dependencyCollector.impl=bf c:\Users\HP\.vscode\extensions\redhat.java-1.43.0-win32-x64\server\plugins\org.eclipse.equinox.launcher_1.7.0.v20250519-0528.jar -configuration c:\Users\HP\AppData\Roaming\Code\User\globalStorage\redhat.java\1.43.0\config_win -data c:\Users\HP\AppData\Roaming\Code\User\workspaceStorage\15d1bb7da87e680aaff2ad44886131b7\redhat.java\jdt_ws --pipe=\\.\pipe\lsp-deb7e353748d5e4a70e640d680920dd4-sock

Host: AMD Ryzen 5 5625U with Radeon Graphics         , 12 cores, 3G,  Windows 11 , 64 bit Build 26100 (10.0.26100.4202)
Time: Sun Jun 29 16:08:15 2025 India Standard Time elapsed time: 80.040520 seconds (0d 0h 1m 20s)

---------------  T H R E A D  ---------------

Current thread (0x000002a183797270):  JavaThread "C2 CompilerThread0" daemon [_thread_in_native, id=18664, stack(0x000000a765b00000,0x000000a765c00000) (1024K)]


Current CompileTask:
C2:80040 18319       4       org.eclipse.jdt.internal.compiler.classfmt.ModuleInfo::readModuleAttribute (1166 bytes)

Stack: [0x000000a765b00000,0x000000a765c00000]
Native frames: (J=compiled Java code, j=interpreted, Vv=VM code, C=native code)
V  [jvm.dll+0x6ce119]
V  [jvm.dll+0x8a84a1]
V  [jvm.dll+0x8aa9ce]
V  [jvm.dll+0x8ab0b3]
V  [jvm.dll+0x27f8a6]
V  [jvm.dll+0xc507d]
V  [jvm.dll+0xc55b3]
V  [jvm.dll+0x3b692c]
V  [jvm.dll+0x1e0029]
V  [jvm.dll+0x247c42]
V  [jvm.dll+0x2470cf]
V  [jvm.dll+0x1c760e]
V  [jvm.dll+0x25695a]
V  [jvm.dll+0x254efa]
V  [jvm.dll+0x3f03f6]
V  [jvm.dll+0x851f6b]
V  [jvm.dll+0x6cc7dd]
C  [ucrtbase.dll+0x37b0]
C  [KERNEL32.DLL+0x2e8d7]
C  [ntdll.dll+0x3c34c]


---------------  P R O C E S S  ---------------

Threads class SMR info:
_java_thread_list=0x000002a18affbd70, length=87, elements={
0x000002a129ebdef0, 0x000002a129e6d2c0, 0x000002a129e6e010, 0x000002a18377a230,
0x000002a18377d090, 0x000002a18377f170, 0x000002a183783260, 0x000002a183797270,
0x000002a1837c0ba0, 0x000002a1838a47c0, 0x000002a183a17100, 0x000002a188512cf0,
0x000002a1886128c0, 0x000002a183a9a490, 0x000002a183b24870, 0x000002a183ab3420,
0x000002a18817c9f0, 0x000002a188285d00, 0x000002a1882870b0, 0x000002a188287dd0,
0x000002a188288460, 0x000002a188288af0, 0x000002a188286390, 0x000002a188286a20,
0x000002a188287740, 0x000002a18a803000, 0x000002a18a8022e0, 0x000002a18a802970,
0x000002a18a8015c0, 0x000002a18a801c50, 0x000002a18a803690, 0x000002a18a803d20,
0x000002a18a8043b0, 0x000002a18a804a40, 0x000002a189134430, 0x000002a189133da0,
0x000002a1891357e0, 0x000002a189133710, 0x000002a189135e70, 0x000002a189137f40,
0x000002a189134ac0, 0x000002a189136500, 0x000002a18913a010, 0x000002a189136b90,
0x000002a18913a6a0, 0x000002a18b71bfe0, 0x000002a18b719f10, 0x000002a18b71b2c0,
0x000002a18b7191f0, 0x000002a18b71a5a0, 0x000002a18b71cd00, 0x000002a18b719880,
0x000002a18b71d390, 0x000002a18b71da20, 0x000002a18b71e0b0, 0x000002a18b71ac30,
0x000002a18b71f460, 0x000002a18b71e740, 0x000002a18b71edd0, 0x000002a18b720810,
0x000002a188289180, 0x000002a18b28b400, 0x000002a18b28c7b0, 0x000002a18b28ce40,
0x000002a18b28ad70, 0x000002a18b28ba90, 0x000002a18b28c120, 0x000002a18b28a050,
0x000002a18b28db60, 0x000002a18b28a6e0, 0x000002a18b28e880, 0x000002a18b28fc30,
0x000002a18b2902c0, 0x000002a18b28e1f0, 0x000002a18b2b5b80, 0x000002a18b2b9000,
0x000002a18b2bb760, 0x000002a18b290950, 0x000002a18b28ef10, 0x000002a18b28d4d0,
0x000002a18b28f5a0, 0x000002a18b290fe0, 0x000002a18b71faf0, 0x000002a18b2ffdb0,
0x000002a18b300440, 0x000002a18b2ff090, 0x000002a18b301e80
}

Java Threads: ( => current thread )
  0x000002a129ebdef0 JavaThread "main"                              [_thread_blocked, id=19888, stack(0x000000a765100000,0x000000a765200000) (1024K)]
  0x000002a129e6d2c0 JavaThread "Reference Handler"          daemon [_thread_blocked, id=6556, stack(0x000000a765500000,0x000000a765600000) (1024K)]
  0x000002a129e6e010 JavaThread "Finalizer"                  daemon [_thread_blocked, id=3408, stack(0x000000a765600000,0x000000a765700000) (1024K)]
  0x000002a18377a230 JavaThread "Signal Dispatcher"          daemon [_thread_blocked, id=21108, stack(0x000000a765700000,0x000000a765800000) (1024K)]
  0x000002a18377d090 JavaThread "Attach Listener"            daemon [_thread_blocked, id=7016, stack(0x000000a765800000,0x000000a765900000) (1024K)]
  0x000002a18377f170 JavaThread "Service Thread"             daemon [_thread_blocked, id=20120, stack(0x000000a765900000,0x000000a765a00000) (1024K)]
  0x000002a183783260 JavaThread "Monitor Deflation Thread"   daemon [_thread_blocked, id=19348, stack(0x000000a765a00000,0x000000a765b00000) (1024K)]
=>0x000002a183797270 JavaThread "C2 CompilerThread0"         daemon [_thread_in_native, id=18664, stack(0x000000a765b00000,0x000000a765c00000) (1024K)]
  0x000002a1837c0ba0 JavaThread "C1 CompilerThread0"         daemon [_thread_blocked, id=6308, stack(0x000000a765c00000,0x000000a765d00000) (1024K)]
  0x000002a1838a47c0 JavaThread "Common-Cleaner"             daemon [_thread_blocked, id=8416, stack(0x000000a765d00000,0x000000a765e00000) (1024K)]
  0x000002a183a17100 JavaThread "Notification Thread"        daemon [_thread_blocked, id=8732, stack(0x000000a765e00000,0x000000a765f00000) (1024K)]
  0x000002a188512cf0 JavaThread "Active Thread: Equinox Container: 44eb32ec-5967-4172-8e98-4297445487ef"        [_thread_blocked, id=14684, stack(0x000000a766500000,0x000000a766600000) (1024K)]
  0x000002a1886128c0 JavaThread "Refresh Thread: Equinox Container: 44eb32ec-5967-4172-8e98-4297445487ef" daemon [_thread_blocked, id=9660, stack(0x000000a766700000,0x000000a766800000) (1024K)]
  0x000002a183a9a490 JavaThread "Framework Event Dispatcher: Equinox Container: 44eb32ec-5967-4172-8e98-4297445487ef" daemon [_thread_blocked, id=20488, stack(0x000000a766800000,0x000000a766900000) (1024K)]
  0x000002a183b24870 JavaThread "Start Level: Equinox Container: 44eb32ec-5967-4172-8e98-4297445487ef" daemon [_thread_blocked, id=2528, stack(0x000000a766900000,0x000000a766a00000) (1024K)]
  0x000002a183ab3420 JavaThread "Bundle File Closer"         daemon [_thread_blocked, id=18528, stack(0x000000a766c00000,0x000000a766d00000) (1024K)]
  0x000002a18817c9f0 JavaThread "SCR Component Actor"        daemon [_thread_blocked, id=20244, stack(0x000000a766d00000,0x000000a766e00000) (1024K)]
  0x000002a188285d00 JavaThread "Worker-JM"                         [_thread_blocked, id=14520, stack(0x000000a766f00000,0x000000a767000000) (1024K)]
  0x000002a1882870b0 JavaThread "JNA Cleaner"                daemon [_thread_blocked, id=3872, stack(0x000000a767000000,0x000000a767100000) (1024K)]
  0x000002a188287dd0 JavaThread "Worker-0"                          [_thread_blocked, id=7576, stack(0x000000a767100000,0x000000a767200000) (1024K)]
  0x000002a188288460 JavaThread "Worker-1"                          [_thread_blocked, id=6088, stack(0x000000a767200000,0x000000a767300000) (1024K)]
  0x000002a188288af0 JavaThread "Java indexing"              daemon [_thread_blocked, id=16804, stack(0x000000a767300000,0x000000a767400000) (1024K)]
  0x000002a188286390 JavaThread "Worker-2"                          [_thread_blocked, id=2272, stack(0x000000a767600000,0x000000a767700000) (1024K)]
  0x000002a188286a20 JavaThread "Worker-3: Send Classpath Notifications"        [_thread_blocked, id=16648, stack(0x000000a767700000,0x000000a767800000) (1024K)]
  0x000002a188287740 JavaThread "Thread-2"                   daemon [_thread_in_native, id=9568, stack(0x000000a767800000,0x000000a767900000) (1024K)]
  0x000002a18a803000 JavaThread "Thread-3"                   daemon [_thread_in_native, id=16840, stack(0x000000a767900000,0x000000a767a00000) (1024K)]
  0x000002a18a8022e0 JavaThread "Thread-4"                   daemon [_thread_in_native, id=12024, stack(0x000000a767a00000,0x000000a767b00000) (1024K)]
  0x000002a18a802970 JavaThread "Thread-5"                   daemon [_thread_in_native, id=18796, stack(0x000000a767b00000,0x000000a767c00000) (1024K)]
  0x000002a18a8015c0 JavaThread "Thread-6"                   daemon [_thread_in_native, id=18632, stack(0x000000a767c00000,0x000000a767d00000) (1024K)]
  0x000002a18a801c50 JavaThread "Thread-7"                   daemon [_thread_in_native, id=20376, stack(0x000000a767d00000,0x000000a767e00000) (1024K)]
  0x000002a18a803690 JavaThread "Thread-8"                   daemon [_thread_in_native, id=17176, stack(0x000000a767e00000,0x000000a767f00000) (1024K)]
  0x000002a18a803d20 JavaThread "Thread-9"                   daemon [_thread_in_native, id=17084, stack(0x000000a767f00000,0x000000a768000000) (1024K)]
  0x000002a18a8043b0 JavaThread "Thread-10"                  daemon [_thread_in_native, id=8448, stack(0x000000a768000000,0x000000a768100000) (1024K)]
  0x000002a18a804a40 JavaThread "Thread-11"                  daemon [_thread_in_native, id=19464, stack(0x000000a768100000,0x000000a768200000) (1024K)]
  0x000002a189134430 JavaThread "Thread-12"                  daemon [_thread_in_native, id=9944, stack(0x000000a768200000,0x000000a768300000) (1024K)]
  0x000002a189133da0 JavaThread "Thread-13"                  daemon [_thread_blocked, id=17132, stack(0x000000a768300000,0x000000a768400000) (1024K)]
  0x000002a1891357e0 JavaThread "Thread-14"                  daemon [_thread_in_native, id=2676, stack(0x000000a768400000,0x000000a768500000) (1024K)]
  0x000002a189133710 JavaThread "pool-2-thread-1"                   [_thread_blocked, id=17972, stack(0x000000a768500000,0x000000a768600000) (1024K)]
  0x000002a189135e70 JavaThread "WorkspaceEventsHandler"            [_thread_blocked, id=1756, stack(0x000000a768600000,0x000000a768700000) (1024K)]
  0x000002a189137f40 JavaThread "pool-1-thread-1"                   [_thread_blocked, id=9244, stack(0x000000a768700000,0x000000a768800000) (1024K)]
  0x000002a189134ac0 JavaThread "Worker-4"                          [_thread_blocked, id=16800, stack(0x000000a768800000,0x000000a768900000) (1024K)]
  0x000002a189136500 JavaThread "Worker-5"                          [_thread_blocked, id=10008, stack(0x000000a768900000,0x000000a768a00000) (1024K)]
  0x000002a18913a010 JavaThread "LocalFile Deleter"          daemon [_thread_blocked, id=4672, stack(0x000000a766e00000,0x000000a766f00000) (1024K)]
  0x000002a189136b90 JavaThread "LocalFile Deleter"          daemon [_thread_blocked, id=19648, stack(0x000000a768a00000,0x000000a768b00000) (1024K)]
  0x000002a18913a6a0 JavaThread "LocalFile Deleter"          daemon [_thread_blocked, id=14360, stack(0x000000a768b00000,0x000000a768c00000) (1024K)]
  0x000002a18b71bfe0 JavaThread "LocalFile Deleter"          daemon [_thread_blocked, id=4920, stack(0x000000a768c00000,0x000000a768d00000) (1024K)]
  0x000002a18b719f10 JavaThread "LocalFile Deleter"          daemon [_thread_blocked, id=12064, stack(0x000000a768d00000,0x000000a768e00000) (1024K)]
  0x000002a18b71b2c0 JavaThread "Compiler Source File Reader" daemon [_thread_blocked, id=19820, stack(0x000000a768e00000,0x000000a768f00000) (1024K)]
  0x000002a18b7191f0 JavaThread "Compiler Processing Task"   daemon [_thread_blocked, id=20772, stack(0x000000a768f00000,0x000000a769000000) (1024K)]
  0x000002a18b71a5a0 JavaThread "Compiler Class File Writer" daemon [_thread_blocked, id=18320, stack(0x000000a769000000,0x000000a769100000) (1024K)]
  0x000002a18b71cd00 JavaThread "Compiler Source File Reader" daemon [_thread_blocked, id=12304, stack(0x000000a769100000,0x000000a769200000) (1024K)]
  0x000002a18b719880 JavaThread "Compiler Source File Reader" daemon [_thread_blocked, id=9104, stack(0x000000a769200000,0x000000a769300000) (1024K)]
  0x000002a18b71d390 JavaThread "Compiler Source File Reader" daemon [_thread_blocked, id=10012, stack(0x000000a769300000,0x000000a769400000) (1024K)]
  0x000002a18b71da20 JavaThread "Compiler Source File Reader" daemon [_thread_blocked, id=21240, stack(0x000000a769400000,0x000000a769500000) (1024K)]
  0x000002a18b71e0b0 JavaThread "Compiler Source File Reader" daemon [_thread_blocked, id=17020, stack(0x000000a769500000,0x000000a769600000) (1024K)]
  0x000002a18b71ac30 JavaThread "Compiler Source File Reader" daemon [_thread_blocked, id=4456, stack(0x000000a769600000,0x000000a769700000) (1024K)]
  0x000002a18b71f460 JavaThread "Compiler Source File Reader" daemon [_thread_blocked, id=7132, stack(0x000000a769700000,0x000000a769800000) (1024K)]
  0x000002a18b71e740 JavaThread "Compiler Source File Reader" daemon [_thread_blocked, id=17108, stack(0x000000a769800000,0x000000a769900000) (1024K)]
  0x000002a18b71edd0 JavaThread "Compiler Source File Reader" daemon [_thread_blocked, id=17548, stack(0x000000a769900000,0x000000a769a00000) (1024K)]
  0x000002a18b720810 JavaThread "Compiler Class File Writer" daemon [_thread_blocked, id=12184, stack(0x000000a769a00000,0x000000a769b00000) (1024K)]
  0x000002a188289180 JavaThread "Compiler Class File Writer" daemon [_thread_blocked, id=7184, stack(0x000000a769b00000,0x000000a769c00000) (1024K)]
  0x000002a18b28b400 JavaThread "Compiler Class File Writer" daemon [_thread_blocked, id=17776, stack(0x000000a769c00000,0x000000a769d00000) (1024K)]
  0x000002a18b28c7b0 JavaThread "Compiler Class File Writer" daemon [_thread_blocked, id=14948, stack(0x000000a769d00000,0x000000a769e00000) (1024K)]
  0x000002a18b28ce40 JavaThread "Compiler Class File Writer" daemon [_thread_blocked, id=6220, stack(0x000000a769e00000,0x000000a769f00000) (1024K)]
  0x000002a18b28ad70 JavaThread "Compiler Class File Writer" daemon [_thread_blocked, id=20000, stack(0x000000a769f00000,0x000000a76a000000) (1024K)]
  0x000002a18b28ba90 JavaThread "Compiler Class File Writer" daemon [_thread_blocked, id=19180, stack(0x000000a76a000000,0x000000a76a100000) (1024K)]
  0x000002a18b28c120 JavaThread "Compiler Class File Writer" daemon [_thread_blocked, id=13644, stack(0x000000a76a100000,0x000000a76a200000) (1024K)]
  0x000002a18b28a050 JavaThread "Compiler Class File Writer" daemon [_thread_blocked, id=19016, stack(0x000000a76a200000,0x000000a76a300000) (1024K)]
  0x000002a18b28db60 JavaThread "LocalFile Deleter"          daemon [_thread_blocked, id=21392, stack(0x000000a76a300000,0x000000a76a400000) (1024K)]
  0x000002a18b28a6e0 JavaThread "LocalFile Deleter"          daemon [_thread_blocked, id=20728, stack(0x000000a76a400000,0x000000a76a500000) (1024K)]
  0x000002a18b28e880 JavaThread "LocalFile Deleter"          daemon [_thread_blocked, id=5876, stack(0x000000a76a500000,0x000000a76a600000) (1024K)]
  0x000002a18b28fc30 JavaThread "LocalFile Deleter"          daemon [_thread_blocked, id=11204, stack(0x000000a76a600000,0x000000a76a700000) (1024K)]
  0x000002a18b2902c0 JavaThread "LocalFile Deleter"          daemon [_thread_blocked, id=18656, stack(0x000000a76a700000,0x000000a76a800000) (1024K)]
  0x000002a18b28e1f0 JavaThread "LocalFile Deleter"          daemon [_thread_blocked, id=17684, stack(0x000000a76a800000,0x000000a76a900000) (1024K)]
  0x000002a18b2b5b80 JavaThread "LocalFile Deleter"          daemon [_thread_blocked, id=17560, stack(0x000000a76a900000,0x000000a76aa00000) (1024K)]
  0x000002a18b2b9000 JavaThread "Worker-6"                          [_thread_blocked, id=20260, stack(0x000000a76aa00000,0x000000a76ab00000) (1024K)]
  0x000002a18b2bb760 JavaThread "ForkJoinPool.commonPool-worker-1" daemon [_thread_blocked, id=4724, stack(0x000000a76ac00000,0x000000a76ad00000) (1024K)]
  0x000002a18b290950 JavaThread "ForkJoinPool.commonPool-worker-3" daemon [_thread_blocked, id=19176, stack(0x000000a764e00000,0x000000a764f00000) (1024K)]
  0x000002a18b28ef10 JavaThread "ForkJoinPool.commonPool-worker-2" daemon [_thread_blocked, id=11508, stack(0x000000a764f00000,0x000000a765000000) (1024K)]
  0x000002a18b28d4d0 JavaThread "ForkJoinPool.commonPool-worker-4" daemon [_thread_blocked, id=20924, stack(0x000000a765000000,0x000000a765100000) (1024K)]
  0x000002a18b28f5a0 JavaThread "ForkJoinPool.commonPool-worker-5" daemon [_thread_blocked, id=4352, stack(0x000000a76ab00000,0x000000a76ac00000) (1024K)]
  0x000002a18b290fe0 JavaThread "ForkJoinPool.commonPool-worker-6" daemon [_thread_blocked, id=3584, stack(0x000000a76ad00000,0x000000a76ae00000) (1024K)]
  0x000002a18b71faf0 JavaThread "ForkJoinPool.commonPool-worker-7" daemon [_thread_blocked, id=2640, stack(0x000000a76ae00000,0x000000a76af00000) (1024K)]
  0x000002a18b2ffdb0 JavaThread "ForkJoinPool.commonPool-worker-8" daemon [_thread_blocked, id=8768, stack(0x000000a76af00000,0x000000a76b000000) (1024K)]
  0x000002a18b300440 JavaThread "ForkJoinPool.commonPool-worker-9" daemon [_thread_blocked, id=20748, stack(0x000000a76b000000,0x000000a76b100000) (1024K)]
  0x000002a18b2ff090 JavaThread "ForkJoinPool.commonPool-worker-10" daemon [_thread_blocked, id=17796, stack(0x000000a76b100000,0x000000a76b200000) (1024K)]
  0x000002a18b301e80 JavaThread "ForkJoinPool.commonPool-worker-11" daemon [_thread_blocked, id=14200, stack(0x000000a76b200000,0x000000a76b300000) (1024K)]
Total: 87

Other Threads:
  0x000002a129f7da80 VMThread "VM Thread"                           [id=17752, stack(0x000000a765400000,0x000000a765500000) (1024K)]
  0x000002a129d4ca10 WatcherThread "VM Periodic Task Thread"        [id=19656, stack(0x000000a765300000,0x000000a765400000) (1024K)]
  0x000002a129edc4b0 WorkerThread "GC Thread#0"                     [id=3704, stack(0x000000a765200000,0x000000a765300000) (1024K)]
  0x000002a1882dc4a0 WorkerThread "GC Thread#1"                     [id=19604, stack(0x000000a765f00000,0x000000a766000000) (1024K)]
  0x000002a1882d3180 WorkerThread "GC Thread#2"                     [id=17544, stack(0x000000a766000000,0x000000a766100000) (1024K)]
  0x000002a1882d3520 WorkerThread "GC Thread#3"                     [id=16228, stack(0x000000a766100000,0x000000a766200000) (1024K)]
  0x000002a1882d38c0 WorkerThread "GC Thread#4"                     [id=20524, stack(0x000000a766200000,0x000000a766300000) (1024K)]
  0x000002a1882d3c60 WorkerThread "GC Thread#5"                     [id=17424, stack(0x000000a766300000,0x000000a766400000) (1024K)]
  0x000002a1880deb50 WorkerThread "GC Thread#6"                     [id=5496, stack(0x000000a766400000,0x000000a766500000) (1024K)]
  0x000002a188314d10 WorkerThread "GC Thread#7"                     [id=1528, stack(0x000000a766600000,0x000000a766700000) (1024K)]
  0x000002a183949f50 WorkerThread "GC Thread#8"                     [id=16812, stack(0x000000a766a00000,0x000000a766b00000) (1024K)]
  0x000002a18821e6d0 WorkerThread "GC Thread#9"                     [id=18728, stack(0x000000a766b00000,0x000000a766c00000) (1024K)]
Total: 12

Threads with active compile tasks:
C2 CompilerThread0  80087 18319       4       org.eclipse.jdt.internal.compiler.classfmt.ModuleInfo::readModuleAttribute (1166 bytes)
Total: 1

VM state: at safepoint (normal execution)

VM Mutex/Monitor currently owned by a thread:  ([mutex/lock_event])
[0x00007ffe8ee9e308] Threads_lock - owner thread: 0x000002a129f7da80
[0x00007ffe8ee9e408] Heap_lock - owner thread: 0x000002a18b2ffdb0
[0x00007ffe8ee9e888] PSOldGenExpand_lock - owner thread: 0x000002a129edc4b0

Heap address: 0x0000000080000000, size: 2048 MB, Compressed Oops mode: 32-bit

CDS archive(s) mapped at: [0x000002a141000000-0x000002a141ba0000-0x000002a141ba0000), size 12189696, SharedBaseAddress: 0x000002a141000000, ArchiveRelocationMode: 1.
Compressed class space mapped at: 0x000002a142000000-0x000002a182000000, reserved size: 1073741824
Narrow klass base: 0x000002a141000000, Narrow klass shift: 0, Narrow klass range: 0x100000000

GC Precious Log:
 CardTable entry size: 512
 CPUs: 12 total, 12 available
 Memory: 3424M
 Large Page Support: Disabled
 NUMA Support: Disabled
 Compressed Oops: Enabled (32-bit)
 Alignments: Space 512K, Generation 512K, Heap 2M
 Heap Min Capacity: 100M
 Heap Initial Capacity: 100M
 Heap Max Capacity: 2G
 Pre-touch: Disabled
 Parallel Workers: 10

Heap:
 PSYoungGen      total 6656K, used 6633K [0x00000000d5580000, 0x00000000d6180000, 0x0000000100000000)
  eden space 5120K, 100% used [0x00000000d5580000,0x00000000d5a80000,0x00000000d5a80000)
  from space 1536K, 98% used [0x00000000d5a80000,0x00000000d5bfa730,0x00000000d5c00000)
  to   space 3072K, 14% used [0x00000000d5e80000,0x00000000d5eee688,0x00000000d6180000)
 ParOldGen       total 1157120K, used 1157119K [0x0000000080000000, 0x00000000c6a00000, 0x00000000d5580000)
  object space 1157120K, 99% used [0x0000000080000000,0x00000000c69ffda0,0x00000000c6a00000)
 Metaspace       used 70235K, committed 71872K, reserved 1114112K
  class space    used 6980K, committed 7680K, reserved 1048576K

Card table byte_map: [0x000002a129860000,0x000002a129c70000] _byte_map_base: 0x000002a129460000

Marking Bits: (ParMarkBitMap*) 0x00007ffe8eea31f0
 Begin Bits: [0x000002a13c360000, 0x000002a13e360000)
 End Bits:   [0x000002a13e360000, 0x000002a140360000)

Polling page: 0x000002a1279c0000

Metaspace:

Usage:
  Non-class:     61.77 MB used.
      Class:      6.82 MB used.
       Both:     68.59 MB used.

Virtual space:
  Non-class space:       64.00 MB reserved,      62.69 MB ( 98%) committed,  1 nodes.
      Class space:        1.00 GB reserved,       7.50 MB ( <1%) committed,  1 nodes.
             Both:        1.06 GB reserved,      70.19 MB (  6%) committed. 

Chunk freelists:
   Non-Class:  1.36 MB
       Class:  8.55 MB
        Both:  9.91 MB

MaxMetaspaceSize: unlimited
CompressedClassSpaceSize: 1.00 GB
Initial GC threshold: 21.00 MB
Current GC threshold: 97.31 MB
CDS: on
 - commit_granule_bytes: 65536.
 - commit_granule_words: 8192.
 - virtual_space_node_default_size: 8388608.
 - enlarge_chunks_in_place: 1.
 - use_allocation_guard: 0.


Internal statistics:

num_allocs_failed_limit: 11.
num_arena_births: 1508.
num_arena_deaths: 16.
num_vsnodes_births: 2.
num_vsnodes_deaths: 0.
num_space_committed: 1123.
num_space_uncommitted: 0.
num_chunks_returned_to_freelist: 28.
num_chunks_taken_from_freelist: 4928.
num_chunk_merges: 13.
num_chunk_splits: 3005.
num_chunks_enlarged: 1676.
num_inconsistent_stats: 0.

CodeHeap 'non-profiled nmethods': size=120000Kb used=10694Kb max_used=10694Kb free=109305Kb
 bounds [0x000002a134b80000, 0x000002a135600000, 0x000002a13c0b0000]
CodeHeap 'profiled nmethods': size=120000Kb used=41096Kb max_used=41096Kb free=78903Kb
 bounds [0x000002a12d0b0000, 0x000002a12f8e0000, 0x000002a1345e0000]
CodeHeap 'non-nmethods': size=5760Kb used=1448Kb max_used=1525Kb free=4311Kb
 bounds [0x000002a1345e0000, 0x000002a134850000, 0x000002a134b80000]
 total_blobs=18339 nmethods=17577 adapters=666
 compilation: enabled
              stopped_count=0, restarted_count=0
 full_count=0

Compilation events (20 events):
Event: 78.753 Thread 0x000002a1837c0ba0 18402   !   3       org.eclipse.jdt.internal.core.JavaModelManager::getZipFile (167 bytes)
Event: 78.755 Thread 0x000002a1837c0ba0 nmethod 18402 0x000002a12f8aa010 code [0x000002a12f8aa380, 0x000002a12f8ab6a8]
Event: 78.771 Thread 0x000002a1837c0ba0 18403       2       org.eclipse.jdt.internal.core.builder.ClasspathMultiReleaseJar::<init> (20 bytes)
Event: 78.771 Thread 0x000002a1837c0ba0 nmethod 18403 0x000002a12f8abe90 code [0x000002a12f8ac040, 0x000002a12f8ac1d0]
Event: 78.948 Thread 0x000002a1837c0ba0 18404   !   3       org.eclipse.jdt.internal.compiler.parser.Scanner::getNextToken0 (3064 bytes)
Event: 78.958 Thread 0x000002a1837c0ba0 nmethod 18404 0x000002a12f8ac310 code [0x000002a12f8ad020, 0x000002a12f8b4ce0]
Event: 78.958 Thread 0x000002a1837c0ba0 18406       2       org.eclipse.jdt.internal.compiler.parser.Parser::consumeRule (7748 bytes)
Event: 78.976 Thread 0x000002a1837c0ba0 nmethod 18406 0x000002a12f8b7e90 code [0x000002a12f8bb580, 0x000002a12f8c9748]
Event: 78.977 Thread 0x000002a1837c0ba0 18409       3       org.eclipse.jdt.internal.core.builder.ClasspathLocation::getModulesDeclaringPackage (11 bytes)
Event: 78.977 Thread 0x000002a1837c0ba0 nmethod 18409 0x000002a12f8cea10 code [0x000002a12f8cebc0, 0x000002a12f8cee58]
Event: 78.977 Thread 0x000002a1837c0ba0 18410       3       org.eclipse.jdt.internal.core.builder.ClasspathLocation::singletonModuleNameIf (41 bytes)
Event: 78.978 Thread 0x000002a1837c0ba0 nmethod 18410 0x000002a12f8cef10 code [0x000002a12f8cf100, 0x000002a12f8cf760]
Event: 78.978 Thread 0x000002a1837c0ba0 18405       3       org.eclipse.jdt.internal.compiler.parser.Scanner::getNextToken (176 bytes)
Event: 78.978 Thread 0x000002a1837c0ba0 nmethod 18405 0x000002a12f8cf910 code [0x000002a12f8cfba0, 0x000002a12f8d0960]
Event: 78.979 Thread 0x000002a1837c0ba0 18407       2       org.eclipse.jdt.internal.compiler.parser.Parser::isParsingModuleDeclaration (28 bytes)
Event: 78.979 Thread 0x000002a1837c0ba0 nmethod 18407 0x000002a12f8d0b90 code [0x000002a12f8d0d60, 0x000002a12f8d0f20]
Event: 78.993 Thread 0x000002a1837c0ba0 18411   !   2       org.eclipse.jdt.internal.core.search.matching.JavaSearchNameEnvironment::getModule (49 bytes)
Event: 78.993 Thread 0x000002a1837c0ba0 nmethod 18411 0x000002a12f8d1010 code [0x000002a12f8d1200, 0x000002a12f8d1560]
Event: 78.993 Thread 0x000002a1837c0ba0 18412   !   2       org.eclipse.jdt.internal.core.search.matching.JavaSearchNameEnvironment::computeModules (87 bytes)
Event: 78.993 Thread 0x000002a1837c0ba0 nmethod 18412 0x000002a12f8d1710 code [0x000002a12f8d1920, 0x000002a12f8d1d90]

GC Heap History (20 events):
Event: 78.669 GC heap after
{Heap after GC invocations=1365 (full 3):
 PSYoungGen      total 3584K, used 494K [0x00000000d5580000, 0x00000000d5c80000, 0x0000000100000000)
  eden space 3072K, 0% used [0x00000000d5580000,0x00000000d5580000,0x00000000d5880000)
  from space 512K, 96% used [0x00000000d5b80000,0x00000000d5bfb890,0x00000000d5c00000)
  to   space 2048K, 0% used [0x00000000d5880000,0x00000000d5880000,0x00000000d5a80000)
 ParOldGen       total 1148416K, used 1148376K [0x0000000080000000, 0x00000000c6180000, 0x00000000d5580000)
  object space 1148416K, 99% used [0x0000000080000000,0x00000000c6176000,0x00000000c6180000)
 Metaspace       used 70085K, committed 71680K, reserved 1114112K
  class space    used 6948K, committed 7616K, reserved 1048576K
}
Event: 78.694 GC heap before
{Heap before GC invocations=1366 (full 3):
 PSYoungGen      total 3584K, used 3566K [0x00000000d5580000, 0x00000000d5c80000, 0x0000000100000000)
  eden space 3072K, 99% used [0x00000000d5580000,0x00000000d587fff8,0x00000000d5880000)
  from space 512K, 96% used [0x00000000d5b80000,0x00000000d5bfb890,0x00000000d5c00000)
  to   space 2048K, 0% used [0x00000000d5880000,0x00000000d5880000,0x00000000d5a80000)
 ParOldGen       total 1148416K, used 1148413K [0x0000000080000000, 0x00000000c6180000, 0x00000000d5580000)
  object space 1148416K, 99% used [0x0000000080000000,0x00000000c617f450,0x00000000c6180000)
 Metaspace       used 70143K, committed 71744K, reserved 1114112K
  class space    used 6955K, committed 7616K, reserved 1048576K
}
Event: 78.698 GC heap after
{Heap after GC invocations=1366 (full 3):
 PSYoungGen      total 5120K, used 1367K [0x00000000d5580000, 0x00000000d5c00000, 0x0000000100000000)
  eden space 3072K, 0% used [0x00000000d5580000,0x00000000d5580000,0x00000000d5880000)
  from space 2048K, 66% used [0x00000000d5880000,0x00000000d59d5ec8,0x00000000d5a80000)
  to   space 1536K, 0% used [0x00000000d5a80000,0x00000000d5a80000,0x00000000d5c00000)
 ParOldGen       total 1148928K, used 1148822K [0x0000000080000000, 0x00000000c6200000, 0x00000000d5580000)
  object space 1148928K, 99% used [0x0000000080000000,0x00000000c61e5910,0x00000000c6200000)
 Metaspace       used 70143K, committed 71744K, reserved 1114112K
  class space    used 6955K, committed 7616K, reserved 1048576K
}
Event: 78.703 GC heap before
{Heap before GC invocations=1367 (full 3):
 PSYoungGen      total 5120K, used 4439K [0x00000000d5580000, 0x00000000d5c00000, 0x0000000100000000)
  eden space 3072K, 100% used [0x00000000d5580000,0x00000000d5880000,0x00000000d5880000)
  from space 2048K, 66% used [0x00000000d5880000,0x00000000d59d5ec8,0x00000000d5a80000)
  to   space 1536K, 0% used [0x00000000d5a80000,0x00000000d5a80000,0x00000000d5c00000)
 ParOldGen       total 1148928K, used 1148822K [0x0000000080000000, 0x00000000c6200000, 0x00000000d5580000)
  object space 1148928K, 99% used [0x0000000080000000,0x00000000c61e5910,0x00000000c6200000)
 Metaspace       used 70144K, committed 71744K, reserved 1114112K
  class space    used 6955K, committed 7616K, reserved 1048576K
}
Event: 78.707 GC heap after
{Heap after GC invocations=1367 (full 3):
 PSYoungGen      total 4096K, used 840K [0x00000000d5580000, 0x00000000d5b80000, 0x0000000100000000)
  eden space 3072K, 0% used [0x00000000d5580000,0x00000000d5580000,0x00000000d5880000)
  from space 1024K, 82% used [0x00000000d5a80000,0x00000000d5b52290,0x00000000d5b80000)
  to   space 1536K, 0% used [0x00000000d5880000,0x00000000d5880000,0x00000000d5a00000)
 ParOldGen       total 1149952K, used 1149935K [0x0000000080000000, 0x00000000c6300000, 0x00000000d5580000)
  object space 1149952K, 99% used [0x0000000080000000,0x00000000c62fbc08,0x00000000c6300000)
 Metaspace       used 70144K, committed 71744K, reserved 1114112K
  class space    used 6955K, committed 7616K, reserved 1048576K
}
Event: 78.711 GC heap before
{Heap before GC invocations=1368 (full 3):
 PSYoungGen      total 4096K, used 3912K [0x00000000d5580000, 0x00000000d5b80000, 0x0000000100000000)
  eden space 3072K, 100% used [0x00000000d5580000,0x00000000d5880000,0x00000000d5880000)
  from space 1024K, 82% used [0x00000000d5a80000,0x00000000d5b52290,0x00000000d5b80000)
  to   space 1536K, 0% used [0x00000000d5880000,0x00000000d5880000,0x00000000d5a00000)
 ParOldGen       total 1149952K, used 1149935K [0x0000000080000000, 0x00000000c6300000, 0x00000000d5580000)
  object space 1149952K, 99% used [0x0000000080000000,0x00000000c62fbc08,0x00000000c6300000)
 Metaspace       used 70147K, committed 71744K, reserved 1114112K
  class space    used 6955K, committed 7616K, reserved 1048576K
}
Event: 78.714 GC heap after
{Heap after GC invocations=1368 (full 3):
 PSYoungGen      total 4608K, used 544K [0x00000000d5580000, 0x00000000d5b80000, 0x0000000100000000)
  eden space 3072K, 0% used [0x00000000d5580000,0x00000000d5580000,0x00000000d5880000)
  from space 1536K, 35% used [0x00000000d5880000,0x00000000d5908000,0x00000000d5a00000)
  to   space 1024K, 0% used [0x00000000d5a80000,0x00000000d5a80000,0x00000000d5b80000)
 ParOldGen       total 1150976K, used 1150544K [0x0000000080000000, 0x00000000c6400000, 0x00000000d5580000)
  object space 1150976K, 99% used [0x0000000080000000,0x00000000c6394188,0x00000000c6400000)
 Metaspace       used 70147K, committed 71744K, reserved 1114112K
  class space    used 6955K, committed 7616K, reserved 1048576K
}
Event: 78.721 GC heap before
{Heap before GC invocations=1369 (full 3):
 PSYoungGen      total 4608K, used 3616K [0x00000000d5580000, 0x00000000d5b80000, 0x0000000100000000)
  eden space 3072K, 100% used [0x00000000d5580000,0x00000000d5880000,0x00000000d5880000)
  from space 1536K, 35% used [0x00000000d5880000,0x00000000d5908000,0x00000000d5a00000)
  to   space 1024K, 0% used [0x00000000d5a80000,0x00000000d5a80000,0x00000000d5b80000)
 ParOldGen       total 1150976K, used 1150544K [0x0000000080000000, 0x00000000c6400000, 0x00000000d5580000)
  object space 1150976K, 99% used [0x0000000080000000,0x00000000c6394188,0x00000000c6400000)
 Metaspace       used 70150K, committed 71744K, reserved 1114112K
  class space    used 6956K, committed 7616K, reserved 1048576K
}
Event: 78.724 GC heap after
{Heap after GC invocations=1369 (full 3):
 PSYoungGen      total 4096K, used 1005K [0x00000000d5580000, 0x00000000d5d80000, 0x0000000100000000)
  eden space 3072K, 0% used [0x00000000d5580000,0x00000000d5580000,0x00000000d5880000)
  from space 1024K, 98% used [0x00000000d5a80000,0x00000000d5b7b750,0x00000000d5b80000)
  to   space 2048K, 0% used [0x00000000d5880000,0x00000000d5880000,0x00000000d5a80000)
 ParOldGen       total 1151488K, used 1151208K [0x0000000080000000, 0x00000000c6480000, 0x00000000d5580000)
  object space 1151488K, 99% used [0x0000000080000000,0x00000000c643a188,0x00000000c6480000)
 Metaspace       used 70150K, committed 71744K, reserved 1114112K
  class space    used 6956K, committed 7616K, reserved 1048576K
}
Event: 78.729 GC heap before
{Heap before GC invocations=1370 (full 3):
 PSYoungGen      total 4096K, used 4077K [0x00000000d5580000, 0x00000000d5d80000, 0x0000000100000000)
  eden space 3072K, 100% used [0x00000000d5580000,0x00000000d5880000,0x00000000d5880000)
  from space 1024K, 98% used [0x00000000d5a80000,0x00000000d5b7b750,0x00000000d5b80000)
  to   space 2048K, 0% used [0x00000000d5880000,0x00000000d5880000,0x00000000d5a80000)
 ParOldGen       total 1151488K, used 1151208K [0x0000000080000000, 0x00000000c6480000, 0x00000000d5580000)
  object space 1151488K, 99% used [0x0000000080000000,0x00000000c643a188,0x00000000c6480000)
 Metaspace       used 70152K, committed 71744K, reserved 1114112K
  class space    used 6957K, committed 7616K, reserved 1048576K
}
Event: 78.732 GC heap after
{Heap after GC invocations=1370 (full 3):
 PSYoungGen      total 5120K, used 888K [0x00000000d5580000, 0x00000000d5c80000, 0x0000000100000000)
  eden space 3072K, 0% used [0x00000000d5580000,0x00000000d5580000,0x00000000d5880000)
  from space 2048K, 43% used [0x00000000d5880000,0x00000000d595e018,0x00000000d5a80000)
  to   space 1536K, 0% used [0x00000000d5b00000,0x00000000d5b00000,0x00000000d5c80000)
 ParOldGen       total 1152512K, used 1152198K [0x0000000080000000, 0x00000000c6580000, 0x00000000d5580000)
  object space 1152512K, 99% used [0x0000000080000000,0x00000000c6531890,0x00000000c6580000)
 Metaspace       used 70152K, committed 71744K, reserved 1114112K
  class space    used 6957K, committed 7616K, reserved 1048576K
}
Event: 78.740 GC heap before
{Heap before GC invocations=1371 (full 3):
 PSYoungGen      total 5120K, used 3960K [0x00000000d5580000, 0x00000000d5c80000, 0x0000000100000000)
  eden space 3072K, 100% used [0x00000000d5580000,0x00000000d5880000,0x00000000d5880000)
  from space 2048K, 43% used [0x00000000d5880000,0x00000000d595e018,0x00000000d5a80000)
  to   space 1536K, 0% used [0x00000000d5b00000,0x00000000d5b00000,0x00000000d5c80000)
 ParOldGen       total 1152512K, used 1152198K [0x0000000080000000, 0x00000000c6580000, 0x00000000d5580000)
  object space 1152512K, 99% used [0x0000000080000000,0x00000000c6531890,0x00000000c6580000)
 Metaspace       used 70159K, committed 71744K, reserved 1114112K
  class space    used 6957K, committed 7616K, reserved 1048576K
}
Event: 78.743 GC heap after
{Heap after GC invocations=1371 (full 3):
 PSYoungGen      total 5632K, used 1319K [0x00000000d5580000, 0x00000000d5c80000, 0x0000000100000000)
  eden space 4096K, 0% used [0x00000000d5580000,0x00000000d5580000,0x00000000d5980000)
  from space 1536K, 85% used [0x00000000d5b00000,0x00000000d5c49fb8,0x00000000d5c80000)
  to   space 1536K, 0% used [0x00000000d5980000,0x00000000d5980000,0x00000000d5b00000)
 ParOldGen       total 1153024K, used 1152888K [0x0000000080000000, 0x00000000c6600000, 0x00000000d5580000)
  object space 1153024K, 99% used [0x0000000080000000,0x00000000c65de2b8,0x00000000c6600000)
 Metaspace       used 70159K, committed 71744K, reserved 1114112K
  class space    used 6957K, committed 7616K, reserved 1048576K
}
Event: 78.765 GC heap before
{Heap before GC invocations=1372 (full 3):
 PSYoungGen      total 5632K, used 5408K [0x00000000d5580000, 0x00000000d5c80000, 0x0000000100000000)
  eden space 4096K, 99% used [0x00000000d5580000,0x00000000d597e2c0,0x00000000d5980000)
  from space 1536K, 85% used [0x00000000d5b00000,0x00000000d5c49fb8,0x00000000d5c80000)
  to   space 1536K, 0% used [0x00000000d5980000,0x00000000d5980000,0x00000000d5b00000)
 ParOldGen       total 1153024K, used 1152888K [0x0000000080000000, 0x00000000c6600000, 0x00000000d5580000)
  object space 1153024K, 99% used [0x0000000080000000,0x00000000c65de2b8,0x00000000c6600000)
 Metaspace       used 70161K, committed 71744K, reserved 1114112K
  class space    used 6957K, committed 7616K, reserved 1048576K
}
Event: 78.769 GC heap after
{Heap after GC invocations=1372 (full 3):
 PSYoungGen      total 5632K, used 1284K [0x00000000d5580000, 0x00000000d5d80000, 0x0000000100000000)
  eden space 4096K, 0% used [0x00000000d5580000,0x00000000d5580000,0x00000000d5980000)
  from space 1536K, 83% used [0x00000000d5980000,0x00000000d5ac1048,0x00000000d5b00000)
  to   space 1536K, 0% used [0x00000000d5c00000,0x00000000d5c00000,0x00000000d5d80000)
 ParOldGen       total 1154560K, used 1154070K [0x0000000080000000, 0x00000000c6780000, 0x00000000d5580000)
  object space 1154560K, 99% used [0x0000000080000000,0x00000000c6705ad8,0x00000000c6780000)
 Metaspace       used 70161K, committed 71744K, reserved 1114112K
  class space    used 6957K, committed 7616K, reserved 1048576K
}
Event: 78.788 GC heap before
{Heap before GC invocations=1373 (full 3):
 PSYoungGen      total 5632K, used 5365K [0x00000000d5580000, 0x00000000d5d80000, 0x0000000100000000)
  eden space 4096K, 99% used [0x00000000d5580000,0x00000000d597c720,0x00000000d5980000)
  from space 1536K, 83% used [0x00000000d5980000,0x00000000d5ac1048,0x00000000d5b00000)
  to   space 1536K, 0% used [0x00000000d5c00000,0x00000000d5c00000,0x00000000d5d80000)
 ParOldGen       total 1154560K, used 1154070K [0x0000000080000000, 0x00000000c6780000, 0x00000000d5580000)
  object space 1154560K, 99% used [0x0000000080000000,0x00000000c6705ad8,0x00000000c6780000)
 Metaspace       used 70161K, committed 71744K, reserved 1114112K
  class space    used 6957K, committed 7616K, reserved 1048576K
}
Event: 78.792 GC heap after
{Heap after GC invocations=1373 (full 3):
 PSYoungGen      total 6656K, used 1237K [0x00000000d5580000, 0x00000000d5d80000, 0x0000000100000000)
  eden space 5120K, 0% used [0x00000000d5580000,0x00000000d5580000,0x00000000d5a80000)
  from space 1536K, 80% used [0x00000000d5c00000,0x00000000d5d357a0,0x00000000d5d80000)
  to   space 1536K, 0% used [0x00000000d5a80000,0x00000000d5a80000,0x00000000d5c00000)
 ParOldGen       total 1155584K, used 1155207K [0x0000000080000000, 0x00000000c6880000, 0x00000000d5580000)
  object space 1155584K, 99% used [0x0000000080000000,0x00000000c6821d68,0x00000000c6880000)
 Metaspace       used 70161K, committed 71744K, reserved 1114112K
  class space    used 6957K, committed 7616K, reserved 1048576K
}
Event: 78.821 GC heap before
{Heap before GC invocations=1374 (full 3):
 PSYoungGen      total 6656K, used 6289K [0x00000000d5580000, 0x00000000d5d80000, 0x0000000100000000)
  eden space 5120K, 98% used [0x00000000d5580000,0x00000000d5a6ee08,0x00000000d5a80000)
  from space 1536K, 80% used [0x00000000d5c00000,0x00000000d5d357a0,0x00000000d5d80000)
  to   space 1536K, 0% used [0x00000000d5a80000,0x00000000d5a80000,0x00000000d5c00000)
 ParOldGen       total 1155584K, used 1155207K [0x0000000080000000, 0x00000000c6880000, 0x00000000d5580000)
  object space 1155584K, 99% used [0x0000000080000000,0x00000000c6821d68,0x00000000c6880000)
 Metaspace       used 70161K, committed 71744K, reserved 1114112K
  class space    used 6957K, committed 7616K, reserved 1048576K
}
Event: 78.826 GC heap after
{Heap after GC invocations=1374 (full 3):
 PSYoungGen      total 6656K, used 1513K [0x00000000d5580000, 0x00000000d6180000, 0x0000000100000000)
  eden space 5120K, 0% used [0x00000000d5580000,0x00000000d5580000,0x00000000d5a80000)
  from space 1536K, 98% used [0x00000000d5a80000,0x00000000d5bfa730,0x00000000d5c00000)
  to   space 3072K, 0% used [0x00000000d5e80000,0x00000000d5e80000,0x00000000d6180000)
 ParOldGen       total 1156608K, used 1156203K [0x0000000080000000, 0x00000000c6980000, 0x00000000d5580000)
  object space 1156608K, 99% used [0x0000000080000000,0x00000000c691ac48,0x00000000c6980000)
 Metaspace       used 70161K, committed 71744K, reserved 1114112K
  class space    used 6957K, committed 7616K, reserved 1048576K
}
Event: 79.016 GC heap before
{Heap before GC invocations=1375 (full 3):
 PSYoungGen      total 6656K, used 6633K [0x00000000d5580000, 0x00000000d6180000, 0x0000000100000000)
  eden space 5120K, 100% used [0x00000000d5580000,0x00000000d5a80000,0x00000000d5a80000)
  from space 1536K, 98% used [0x00000000d5a80000,0x00000000d5bfa730,0x00000000d5c00000)
  to   space 3072K, 0% used [0x00000000d5e80000,0x00000000d5e80000,0x00000000d6180000)
 ParOldGen       total 1156608K, used 1156203K [0x0000000080000000, 0x00000000c6980000, 0x00000000d5580000)
  object space 1156608K, 99% used [0x0000000080000000,0x00000000c691ac48,0x00000000c6980000)
 Metaspace       used 70235K, committed 71872K, reserved 1114112K
  class space    used 6980K, committed 7680K, reserved 1048576K
}

Dll operation events (10 events):
Event: 0.014 Loaded shared library c:\Users\HP\.vscode\extensions\redhat.java-1.43.0-win32-x64\jre\21.0.7-win32-x86_64\bin\java.dll
Event: 0.108 Loaded shared library c:\Users\HP\.vscode\extensions\redhat.java-1.43.0-win32-x64\jre\21.0.7-win32-x86_64\bin\zip.dll
Event: 0.132 Loaded shared library C:\Users\HP\.vscode\extensions\redhat.java-1.43.0-win32-x64\jre\21.0.7-win32-x86_64\bin\instrument.dll
Event: 0.137 Loaded shared library C:\Users\HP\.vscode\extensions\redhat.java-1.43.0-win32-x64\jre\21.0.7-win32-x86_64\bin\net.dll
Event: 0.141 Loaded shared library C:\Users\HP\.vscode\extensions\redhat.java-1.43.0-win32-x64\jre\21.0.7-win32-x86_64\bin\nio.dll
Event: 0.145 Loaded shared library C:\Users\HP\.vscode\extensions\redhat.java-1.43.0-win32-x64\jre\21.0.7-win32-x86_64\bin\zip.dll
Event: 0.164 Loaded shared library C:\Users\HP\.vscode\extensions\redhat.java-1.43.0-win32-x64\jre\21.0.7-win32-x86_64\bin\jimage.dll
Event: 0.239 Loaded shared library c:\Users\HP\.vscode\extensions\redhat.java-1.43.0-win32-x64\jre\21.0.7-win32-x86_64\bin\verify.dll
Event: 7.135 Loaded shared library C:\Users\HP\AppData\Roaming\Code\User\globalStorage\redhat.java\1.43.0\config_win\org.eclipse.equinox.launcher\org.eclipse.equinox.launcher.win32.win32.x86_64_1.2.1300.v20250331-1702\eclipse_11911.dll
Event: 20.213 Loaded shared library C:\Users\HP\AppData\Local\Temp\jna-2312\jna14774455596049285170.dll

Deoptimization events (20 events):
Event: 78.963 Thread 0x000002a18b290950 DEOPT PACKING pc=0x000002a13522ce70 sp=0x000000a764efdbd0
Event: 78.963 Thread 0x000002a18b290fe0 DEOPT UNPACKING pc=0x000002a134633aa2 sp=0x000000a76adfe088 mode 2
Event: 78.963 Thread 0x000002a18b2ff090 DEOPT PACKING pc=0x000002a13522ce70 sp=0x000000a76b1fe230
Event: 78.963 Thread 0x000002a18b300440 DEOPT PACKING pc=0x000002a13522ce70 sp=0x000000a76b0fe070
Event: 78.963 Thread 0x000002a18b2ff090 DEOPT UNPACKING pc=0x000002a134633aa2 sp=0x000000a76b1fe188 mode 2
Event: 78.963 Thread 0x000002a18b290950 DEOPT UNPACKING pc=0x000002a134633aa2 sp=0x000000a764efdb28 mode 2
Event: 78.963 Thread 0x000002a18b2ffdb0 Uncommon trap: trap_request=0xffffff45 fr.pc=0x000002a1351a8684 relative=0x00000000000000e4
Event: 78.963 Thread 0x000002a18b290fe0 Uncommon trap: trap_request=0xffffff45 fr.pc=0x000002a1351a8684 relative=0x00000000000000e4
Event: 78.963 Thread 0x000002a18b2ff090 Uncommon trap: trap_request=0xffffff45 fr.pc=0x000002a1351a8684 relative=0x00000000000000e4
Event: 78.963 Thread 0x000002a18b2ffdb0 Uncommon trap: reason=unstable_if action=reinterpret pc=0x000002a1351a8684 method=org.eclipse.jdt.internal.core.builder.ClasspathLocation.singletonModuleNameIf(Z)[[C @ 10 c2
Event: 78.963 Thread 0x000002a18b290fe0 Uncommon trap: reason=unstable_if action=reinterpret pc=0x000002a1351a8684 method=org.eclipse.jdt.internal.core.builder.ClasspathLocation.singletonModuleNameIf(Z)[[C @ 10 c2
Event: 78.963 Thread 0x000002a18b2ff090 Uncommon trap: reason=unstable_if action=reinterpret pc=0x000002a1351a8684 method=org.eclipse.jdt.internal.core.builder.ClasspathLocation.singletonModuleNameIf(Z)[[C @ 10 c2
Event: 78.963 Thread 0x000002a18b2ffdb0 DEOPT PACKING pc=0x000002a1351a8684 sp=0x000000a76affdda0
Event: 78.963 Thread 0x000002a18b290fe0 DEOPT PACKING pc=0x000002a1351a8684 sp=0x000000a76adfe0e0
Event: 78.963 Thread 0x000002a18b2ff090 DEOPT PACKING pc=0x000002a1351a8684 sp=0x000000a76b1fe1e0
Event: 78.963 Thread 0x000002a18b2ff090 DEOPT UNPACKING pc=0x000002a134633aa2 sp=0x000000a76b1fe180 mode 2
Event: 78.963 Thread 0x000002a18b290fe0 DEOPT UNPACKING pc=0x000002a134633aa2 sp=0x000000a76adfe080 mode 2
Event: 78.968 Thread 0x000002a18b28f5a0 DEOPT UNPACKING pc=0x000002a134633aa2 sp=0x000000a76abfe218 mode 2
Event: 78.968 Thread 0x000002a18b300440 DEOPT UNPACKING pc=0x000002a134633aa2 sp=0x000000a76b0fdfc8 mode 2
Event: 78.968 Thread 0x000002a18b2ffdb0 DEOPT UNPACKING pc=0x000002a134633aa2 sp=0x000000a76affdd40 mode 2

Classes loaded (20 events):
Event: 42.333 Loading class com/sun/org/apache/xerces/internal/xni/parser/XMLParseException
Event: 42.349 Loading class com/sun/org/apache/xerces/internal/xni/parser/XMLParseException done
Event: 42.629 Loading class java/util/Hashtable$KeySet
Event: 42.629 Loading class java/util/Hashtable$KeySet done
Event: 44.903 Loading class java/util/HashMap$EntrySpliterator
Event: 44.908 Loading class java/util/HashMap$EntrySpliterator done
Event: 50.227 Loading class java/util/stream/ReduceOps$5
Event: 50.228 Loading class java/util/stream/ReduceOps$5 done
Event: 50.229 Loading class java/util/stream/ReduceOps$CountingSink$OfRef
Event: 50.231 Loading class java/util/stream/ReduceOps$CountingSink
Event: 50.232 Loading class java/util/stream/ReduceOps$CountingSink done
Event: 50.232 Loading class java/util/stream/ReduceOps$CountingSink$OfRef done
Event: 51.013 Loading class java/util/stream/ReduceOps$1
Event: 51.014 Loading class java/util/stream/ReduceOps$1 done
Event: 51.014 Loading class java/util/stream/ReduceOps$1ReducingSink
Event: 51.015 Loading class java/util/stream/ReduceOps$1ReducingSink done
Event: 77.862 Loading class java/util/concurrent/CompletableFuture$UniApply
Event: 77.870 Loading class java/util/concurrent/CompletableFuture$UniApply done
Event: 77.878 Loading class java/util/concurrent/CompletableFuture$UniExceptionally
Event: 77.879 Loading class java/util/concurrent/CompletableFuture$UniExceptionally done

Classes unloaded (8 events):
Event: 20.759 Thread 0x000002a129f7da80 Unloading class 0x000002a1421a3000 'java/lang/invoke/LambdaForm$MH+0x000002a1421a3000'
Event: 20.759 Thread 0x000002a129f7da80 Unloading class 0x000002a1421a2c00 'java/lang/invoke/LambdaForm$MH+0x000002a1421a2c00'
Event: 20.759 Thread 0x000002a129f7da80 Unloading class 0x000002a1421a2800 'java/lang/invoke/LambdaForm$MH+0x000002a1421a2800'
Event: 20.759 Thread 0x000002a129f7da80 Unloading class 0x000002a1421a2400 'java/lang/invoke/LambdaForm$MH+0x000002a1421a2400'
Event: 20.759 Thread 0x000002a129f7da80 Unloading class 0x000002a1421a2000 'java/lang/invoke/LambdaForm$BMH+0x000002a1421a2000'
Event: 20.759 Thread 0x000002a129f7da80 Unloading class 0x000002a1421a1c00 'java/lang/invoke/LambdaForm$DMH+0x000002a1421a1c00'
Event: 20.759 Thread 0x000002a129f7da80 Unloading class 0x000002a1421a0800 'java/lang/invoke/LambdaForm$DMH+0x000002a1421a0800'
Event: 32.499 Thread 0x000002a129f7da80 Unloading class 0x000002a142641400 'java/lang/invoke/LambdaForm$DMH+0x000002a142641400'

Classes redefined (0 events):
No events

Internal exceptions (20 events):
Event: 78.209 Thread 0x000002a18b28ef10 Exception <a 'sun/nio/fs/WindowsException'{0x00000000d565ff48}> (0x00000000d565ff48) 
thrown [s\src\hotspot\share\prims\jni.cpp, line 520]
Event: 78.210 Thread 0x000002a18b28ef10 Exception <a 'sun/nio/fs/WindowsException'{0x00000000d56616b0}> (0x00000000d56616b0) 
thrown [s\src\hotspot\share\prims\jni.cpp, line 520]
Event: 78.210 Thread 0x000002a18b28ef10 Exception <a 'sun/nio/fs/WindowsException'{0x00000000d5663db0}> (0x00000000d5663db0) 
thrown [s\src\hotspot\share\prims\jni.cpp, line 520]
Event: 78.214 Thread 0x000002a18b28ef10 Exception <a 'sun/nio/fs/WindowsException'{0x00000000d5679218}> (0x00000000d5679218) 
thrown [s\src\hotspot\share\prims\jni.cpp, line 520]
Event: 78.214 Thread 0x000002a18b28ef10 Exception <a 'sun/nio/fs/WindowsException'{0x00000000d56807c8}> (0x00000000d56807c8) 
thrown [s\src\hotspot\share\prims\jni.cpp, line 520]
Event: 78.317 Thread 0x000002a18b28ef10 Exception <a 'sun/nio/fs/WindowsException'{0x00000000d5847270}> (0x00000000d5847270) 
thrown [s\src\hotspot\share\prims\jni.cpp, line 520]
Event: 78.317 Thread 0x000002a18b28ef10 Exception <a 'sun/nio/fs/WindowsException'{0x00000000d5848010}> (0x00000000d5848010) 
thrown [s\src\hotspot\share\prims\jni.cpp, line 520]
Event: 78.514 Thread 0x000002a18b2b9000 Exception <a 'java/lang/NoSuchMethodError'{0x00000000d564f748}: 'java.lang.Object java.lang.invoke.Invokers$Holder.linkToTargetMethod(java.lang.Object, java.lang.Object, int, int, java.lang.Object)'> (0x00000000d564f748) 
thrown [s\src\hotspot\share\interpreter\linkResolver.cpp, line 773]
Event: 78.514 Thread 0x000002a188286a20 Exception <a 'java/lang/NoSuchMethodError'{0x00000000d5646b38}: 'java.lang.Object java.lang.invoke.Invokers$Holder.linkToTargetMethod(java.lang.Object, java.lang.Object, int, int, java.lang.Object)'> (0x00000000d5646b38) 
thrown [s\src\hotspot\share\interpreter\linkResolver.cpp, line 773]
Event: 78.522 Thread 0x000002a18b2ff090 Implicit null exception at 0x000002a13544b323 to 0x000002a13544b4f0
Event: 78.537 Thread 0x000002a18b2b9000 Exception <a 'java/lang/NoSuchMethodError'{0x00000000d5794ed0}: method resolution failed> (0x00000000d5794ed0) 
thrown [s\src\hotspot\share\prims\methodHandles.cpp, line 1144]
Event: 78.537 Thread 0x000002a188286a20 Exception <a 'java/lang/NoSuchMethodError'{0x00000000d57cd560}: method resolution failed> (0x00000000d57cd560) 
thrown [s\src\hotspot\share\prims\methodHandles.cpp, line 1144]
Event: 78.574 Thread 0x000002a18b2b9000 Exception <a 'sun/nio/fs/WindowsException'{0x00000000d5798888}> (0x00000000d5798888) 
thrown [s\src\hotspot\share\prims\jni.cpp, line 520]
Event: 78.574 Thread 0x000002a18b2b9000 Exception <a 'sun/nio/fs/WindowsException'{0x00000000d57a13a0}> (0x00000000d57a13a0) 
thrown [s\src\hotspot\share\prims\jni.cpp, line 520]
Event: 78.638 Thread 0x000002a18b2b9000 Exception <a 'sun/nio/fs/WindowsException'{0x00000000d55b86b8}> (0x00000000d55b86b8) 
thrown [s\src\hotspot\share\prims\jni.cpp, line 520]
Event: 78.638 Thread 0x000002a18b2b9000 Exception <a 'sun/nio/fs/WindowsException'{0x00000000d55b8f58}> (0x00000000d55b8f58) 
thrown [s\src\hotspot\share\prims\jni.cpp, line 520]
Event: 78.662 Thread 0x000002a18b2b9000 Exception <a 'sun/nio/fs/WindowsException'{0x00000000d57c8b80}> (0x00000000d57c8b80) 
thrown [s\src\hotspot\share\prims\jni.cpp, line 520]
Event: 78.662 Thread 0x000002a18b2b9000 Exception <a 'sun/nio/fs/WindowsException'{0x00000000d57d1178}> (0x00000000d57d1178) 
thrown [s\src\hotspot\share\prims\jni.cpp, line 520]
Event: 78.683 Thread 0x000002a18b2b9000 Exception <a 'sun/nio/fs/WindowsException'{0x00000000d56e5d00}> (0x00000000d56e5d00) 
thrown [s\src\hotspot\share\prims\jni.cpp, line 520]
Event: 78.683 Thread 0x000002a18b2b9000 Exception <a 'sun/nio/fs/WindowsException'{0x00000000d56e65a0}> (0x00000000d56e65a0) 
thrown [s\src\hotspot\share\prims\jni.cpp, line 520]

ZGC Phase Switch (0 events):
No events

VM Operations (20 events):
Event: 78.698 Executing VM operation: ParallelGCFailedAllocation (Allocation Failure) done
Event: 78.703 Executing VM operation: ParallelGCFailedAllocation (Allocation Failure)
Event: 78.707 Executing VM operation: ParallelGCFailedAllocation (Allocation Failure) done
Event: 78.711 Executing VM operation: ParallelGCFailedAllocation (Allocation Failure)
Event: 78.714 Executing VM operation: ParallelGCFailedAllocation (Allocation Failure) done
Event: 78.720 Executing VM operation: ParallelGCFailedAllocation (Allocation Failure)
Event: 78.724 Executing VM operation: ParallelGCFailedAllocation (Allocation Failure) done
Event: 78.729 Executing VM operation: ParallelGCFailedAllocation (Allocation Failure)
Event: 78.732 Executing VM operation: ParallelGCFailedAllocation (Allocation Failure) done
Event: 78.740 Executing VM operation: ParallelGCFailedAllocation (Allocation Failure)
Event: 78.743 Executing VM operation: ParallelGCFailedAllocation (Allocation Failure) done
Event: 78.765 Executing VM operation: ParallelGCFailedAllocation (Allocation Failure)
Event: 78.769 Executing VM operation: ParallelGCFailedAllocation (Allocation Failure) done
Event: 78.787 Executing VM operation: ParallelGCFailedAllocation (Allocation Failure)
Event: 78.792 Executing VM operation: ParallelGCFailedAllocation (Allocation Failure) done
Event: 78.821 Executing VM operation: ParallelGCFailedAllocation (Allocation Failure)
Event: 78.826 Executing VM operation: ParallelGCFailedAllocation (Allocation Failure) done
Event: 78.892 Executing VM operation: HandshakeAllThreads (Deoptimize)
Event: 78.892 Executing VM operation: HandshakeAllThreads (Deoptimize) done
Event: 79.016 Executing VM operation: ParallelGCFailedAllocation (Allocation Failure)

Memory protections (0 events):
No events

Nmethod flushes (20 events):
Event: 32.657 Thread 0x000002a129f7da80 flushing  nmethod 0x000002a12d9d1c10
Event: 32.657 Thread 0x000002a129f7da80 flushing  nmethod 0x000002a12d9d3190
Event: 32.657 Thread 0x000002a129f7da80 flushing  nmethod 0x000002a12d9d3510
Event: 32.657 Thread 0x000002a129f7da80 flushing  nmethod 0x000002a12d9d4b10
Event: 32.657 Thread 0x000002a129f7da80 flushing  nmethod 0x000002a12d9d5010
Event: 32.657 Thread 0x000002a129f7da80 flushing  nmethod 0x000002a12d9d6090
Event: 32.657 Thread 0x000002a129f7da80 flushing  nmethod 0x000002a12d9e9490
Event: 32.657 Thread 0x000002a129f7da80 flushing  nmethod 0x000002a12d9f4310
Event: 32.657 Thread 0x000002a129f7da80 flushing  nmethod 0x000002a12da0af90
Event: 32.657 Thread 0x000002a129f7da80 flushing  nmethod 0x000002a12da26e10
Event: 32.657 Thread 0x000002a129f7da80 flushing  nmethod 0x000002a12da29190
Event: 32.657 Thread 0x000002a129f7da80 flushing  nmethod 0x000002a12da2f090
Event: 32.657 Thread 0x000002a129f7da80 flushing  nmethod 0x000002a12da60390
Event: 32.657 Thread 0x000002a129f7da80 flushing  nmethod 0x000002a12da60810
Event: 32.657 Thread 0x000002a129f7da80 flushing  nmethod 0x000002a12da62310
Event: 32.657 Thread 0x000002a129f7da80 flushing  nmethod 0x000002a12da6ed90
Event: 32.657 Thread 0x000002a129f7da80 flushing  nmethod 0x000002a12da6f110
Event: 32.657 Thread 0x000002a129f7da80 flushing  nmethod 0x000002a12da70d10
Event: 32.657 Thread 0x000002a129f7da80 flushing  nmethod 0x000002a12da75390
Event: 32.657 Thread 0x000002a129f7da80 flushing  nmethod 0x000002a12da78c10

Events (20 events):
Event: 40.498 Thread 0x000002a188287dd0 Thread added: 0x000002a18b2baa40
Event: 40.747 Thread 0x000002a18b2b6210 Thread exited: 0x000002a18b2b6210
Event: 40.747 Thread 0x000002a18b2baa40 Thread exited: 0x000002a18b2baa40
Event: 40.747 Thread 0x000002a18b2bb0d0 Thread exited: 0x000002a18b2bb0d0
Event: 40.747 Thread 0x000002a18b2b68a0 Thread exited: 0x000002a18b2b68a0
Event: 40.747 Thread 0x000002a18b2b9000 Thread exited: 0x000002a18b2b9000
Event: 41.948 Thread 0x000002a189137f40 Thread added: 0x000002a18b2b9000
Event: 42.682 Thread 0x000002a188286a20 Thread added: 0x000002a18b2b68a0
Event: 45.784 Thread 0x000002a188288460 Thread added: 0x000002a18b2bb760
Event: 47.701 Thread 0x000002a18b2b68a0 Thread exited: 0x000002a18b2b68a0
Event: 77.825 Thread 0x000002a188288460 Thread added: 0x000002a18b290950
Event: 77.827 Thread 0x000002a18b2bb760 Thread added: 0x000002a18b28ef10
Event: 77.828 Thread 0x000002a18b290950 Thread added: 0x000002a18b28d4d0
Event: 77.828 Thread 0x000002a18b28ef10 Thread added: 0x000002a18b28f5a0
Event: 77.829 Thread 0x000002a18b28d4d0 Thread added: 0x000002a18b290fe0
Event: 77.829 Thread 0x000002a18b28f5a0 Thread added: 0x000002a18b71faf0
Event: 77.830 Thread 0x000002a18b290fe0 Thread added: 0x000002a18b2ffdb0
Event: 77.830 Thread 0x000002a18b71faf0 Thread added: 0x000002a18b300440
Event: 77.831 Thread 0x000002a18b2ffdb0 Thread added: 0x000002a18b2ff090
Event: 77.832 Thread 0x000002a18b300440 Thread added: 0x000002a18b301e80


Dynamic libraries:
0x00007ff70ab70000 - 0x00007ff70ab7e000 	c:\Users\HP\.vscode\extensions\redhat.java-1.43.0-win32-x64\jre\21.0.7-win32-x86_64\bin\java.exe
0x00007fff123a0000 - 0x00007fff12605000 	C:\WINDOWS\SYSTEM32\ntdll.dll
0x00007fff114d0000 - 0x00007fff11599000 	C:\WINDOWS\System32\KERNEL32.DLL
0x00007fff0fa50000 - 0x00007fff0fe38000 	C:\WINDOWS\System32\KERNELBASE.dll
0x00007fff0f630000 - 0x00007fff0f77b000 	C:\WINDOWS\System32\ucrtbase.dll
0x00007fff0a360000 - 0x00007fff0a378000 	c:\Users\HP\.vscode\extensions\redhat.java-1.43.0-win32-x64\jre\21.0.7-win32-x86_64\bin\jli.dll
0x00007fff05460000 - 0x00007fff0547e000 	c:\Users\HP\.vscode\extensions\redhat.java-1.43.0-win32-x64\jre\21.0.7-win32-x86_64\bin\VCRUNTIME140.dll
0x00007fff10890000 - 0x00007fff10a5a000 	C:\WINDOWS\System32\USER32.dll
0x00007ffef87f0000 - 0x00007ffef8a8a000 	C:\WINDOWS\WinSxS\amd64_microsoft.windows.common-controls_6595b64144ccf1df_6.0.26100.4202_none_3e0698d4e335f517\COMCTL32.dll
0x00007fff0f780000 - 0x00007fff0f7a7000 	C:\WINDOWS\System32\win32u.dll
0x00007fff11230000 - 0x00007fff112d9000 	C:\WINDOWS\System32\msvcrt.dll
0x00007fff10d10000 - 0x00007fff10d3b000 	C:\WINDOWS\System32\GDI32.dll
0x00007fff0f4f0000 - 0x00007fff0f627000 	C:\WINDOWS\System32\gdi32full.dll
0x00007fff0f7b0000 - 0x00007fff0f853000 	C:\WINDOWS\System32\msvcp_win.dll
0x00007fff10660000 - 0x00007fff10690000 	C:\WINDOWS\System32\IMM32.DLL
0x00007fff0c470000 - 0x00007fff0c47c000 	c:\Users\HP\.vscode\extensions\redhat.java-1.43.0-win32-x64\jre\21.0.7-win32-x86_64\bin\vcruntime140_1.dll
0x00007ffed4a90000 - 0x00007ffed4b1d000 	c:\Users\HP\.vscode\extensions\redhat.java-1.43.0-win32-x64\jre\21.0.7-win32-x86_64\bin\msvcp140.dll
0x00007ffe8e1f0000 - 0x00007ffe8ef80000 	c:\Users\HP\.vscode\extensions\redhat.java-1.43.0-win32-x64\jre\21.0.7-win32-x86_64\bin\server\jvm.dll
0x00007fff10ff0000 - 0x00007fff110a3000 	C:\WINDOWS\System32\ADVAPI32.dll
0x00007fff115a0000 - 0x00007fff11646000 	C:\WINDOWS\System32\sechost.dll
0x00007fff11110000 - 0x00007fff11225000 	C:\WINDOWS\System32\RPCRT4.dll
0x00007fff104f0000 - 0x00007fff10564000 	C:\WINDOWS\System32\WS2_32.dll
0x00007fff0ede0000 - 0x00007fff0ee3e000 	C:\WINDOWS\SYSTEM32\POWRPROF.dll
0x00007fff080b0000 - 0x00007fff080bb000 	C:\WINDOWS\SYSTEM32\VERSION.dll
0x00007fff08070000 - 0x00007fff080a5000 	C:\WINDOWS\SYSTEM32\WINMM.dll
0x00007fff0edc0000 - 0x00007fff0edd4000 	C:\WINDOWS\SYSTEM32\UMPDC.dll
0x00007fff0e2b0000 - 0x00007fff0e2cb000 	C:\WINDOWS\SYSTEM32\kernel.appcore.dll
0x00007fff0a340000 - 0x00007fff0a34a000 	c:\Users\HP\.vscode\extensions\redhat.java-1.43.0-win32-x64\jre\21.0.7-win32-x86_64\bin\jimage.dll
0x00007fff03500000 - 0x00007fff03741000 	C:\WINDOWS\SYSTEM32\DBGHELP.DLL
0x00007fff10140000 - 0x00007fff104c5000 	C:\WINDOWS\System32\combase.dll
0x00007fff10570000 - 0x00007fff10651000 	C:\WINDOWS\System32\OLEAUT32.dll
0x00007ffef3580000 - 0x00007ffef35b9000 	C:\WINDOWS\SYSTEM32\dbgcore.DLL
0x00007fff0f920000 - 0x00007fff0f9b9000 	C:\WINDOWS\System32\bcryptPrimitives.dll
0x00007fff0a310000 - 0x00007fff0a31f000 	c:\Users\HP\.vscode\extensions\redhat.java-1.43.0-win32-x64\jre\21.0.7-win32-x86_64\bin\instrument.dll
0x00007fff0c3e0000 - 0x00007fff0c3ff000 	c:\Users\HP\.vscode\extensions\redhat.java-1.43.0-win32-x64\jre\21.0.7-win32-x86_64\bin\java.dll
0x00007fff11b70000 - 0x00007fff122b2000 	C:\WINDOWS\System32\SHELL32.dll
0x00007fff0fe40000 - 0x00007fff0ffb4000 	C:\WINDOWS\System32\wintypes.dll
0x00007fff0d150000 - 0x00007fff0d9a8000 	C:\WINDOWS\SYSTEM32\windows.storage.dll
0x00007fff10bc0000 - 0x00007fff10cb1000 	C:\WINDOWS\System32\SHCORE.dll
0x00007fff11b00000 - 0x00007fff11b6a000 	C:\WINDOWS\System32\shlwapi.dll
0x00007fff0f400000 - 0x00007fff0f42f000 	C:\WINDOWS\SYSTEM32\profapi.dll
0x00007fff05190000 - 0x00007fff051a8000 	c:\Users\HP\.vscode\extensions\redhat.java-1.43.0-win32-x64\jre\21.0.7-win32-x86_64\bin\zip.dll
0x00007fff05450000 - 0x00007fff05460000 	C:\Users\HP\.vscode\extensions\redhat.java-1.43.0-win32-x64\jre\21.0.7-win32-x86_64\bin\net.dll
0x00007fff08660000 - 0x00007fff0877e000 	C:\WINDOWS\SYSTEM32\WINHTTP.dll
0x00007fff0e820000 - 0x00007fff0e88a000 	C:\WINDOWS\system32\mswsock.dll
0x00007ffef8ac0000 - 0x00007ffef8ad6000 	C:\Users\HP\.vscode\extensions\redhat.java-1.43.0-win32-x64\jre\21.0.7-win32-x86_64\bin\nio.dll
0x00007ffef77f0000 - 0x00007ffef7800000 	c:\Users\HP\.vscode\extensions\redhat.java-1.43.0-win32-x64\jre\21.0.7-win32-x86_64\bin\verify.dll
0x00007ffeea140000 - 0x00007ffeea185000 	C:\Users\HP\AppData\Roaming\Code\User\globalStorage\redhat.java\1.43.0\config_win\org.eclipse.equinox.launcher\org.eclipse.equinox.launcher.win32.win32.x86_64_1.2.1300.v20250331-1702\eclipse_11911.dll
0x00007fff10d40000 - 0x00007fff10ede000 	C:\WINDOWS\System32\ole32.dll
0x00007fff0eb40000 - 0x00007fff0eb5b000 	C:\WINDOWS\SYSTEM32\CRYPTSP.dll
0x00007fff0e210000 - 0x00007fff0e24a000 	C:\WINDOWS\system32\rsaenh.dll
0x00007fff0e8c0000 - 0x00007fff0e8eb000 	C:\WINDOWS\SYSTEM32\USERENV.dll
0x00007fff0f3d0000 - 0x00007fff0f3f6000 	C:\WINDOWS\SYSTEM32\bcrypt.dll
0x00007fff0eb60000 - 0x00007fff0eb6c000 	C:\WINDOWS\SYSTEM32\CRYPTBASE.dll
0x00007fff0dcc0000 - 0x00007fff0dcf3000 	C:\WINDOWS\SYSTEM32\IPHLPAPI.DLL
0x00007fff104e0000 - 0x00007fff104ea000 	C:\WINDOWS\System32\NSI.dll
0x00007ffeeac80000 - 0x00007ffeeacc9000 	C:\Users\HP\AppData\Local\Temp\jna-2312\jna14774455596049285170.dll
0x00007fff12350000 - 0x00007fff12358000 	C:\WINDOWS\System32\PSAPI.DLL
0x00007fff08da0000 - 0x00007fff08dbf000 	C:\WINDOWS\SYSTEM32\dhcpcsvc6.DLL
0x00007fff08d00000 - 0x00007fff08d25000 	C:\WINDOWS\SYSTEM32\dhcpcsvc.DLL

dbghelp: loaded successfully - version: 4.0.5 - missing functions: none
symbol engine: initialized successfully - sym options: 0x614 - pdb path: .;c:\Users\HP\.vscode\extensions\redhat.java-1.43.0-win32-x64\jre\21.0.7-win32-x86_64\bin;C:\WINDOWS\SYSTEM32;C:\WINDOWS\WinSxS\amd64_microsoft.windows.common-controls_6595b64144ccf1df_6.0.26100.4202_none_3e0698d4e335f517;c:\Users\HP\.vscode\extensions\redhat.java-1.43.0-win32-x64\jre\21.0.7-win32-x86_64\bin\server;C:\Users\HP\AppData\Roaming\Code\User\globalStorage\redhat.java\1.43.0\config_win\org.eclipse.equinox.launcher\org.eclipse.equinox.launcher.win32.win32.x86_64_1.2.1300.v20250331-1702;C:\Users\HP\AppData\Local\Temp\jna-2312

VM Arguments:
jvm_args: --add-modules=ALL-SYSTEM --add-opens=java.base/java.util=ALL-UNNAMED --add-opens=java.base/java.lang=ALL-UNNAMED --add-opens=java.base/sun.nio.fs=ALL-UNNAMED -Declipse.application=org.eclipse.jdt.ls.core.id1 -Dosgi.bundles.defaultStartLevel=4 -Declipse.product=org.eclipse.jdt.ls.core.product -Djava.import.generatesMetadataFilesAtProjectRoot=false -DDetectVMInstallationsJob.disabled=true -Dfile.encoding=utf8 -XX:+UseParallelGC -XX:GCTimeRatio=4 -XX:AdaptiveSizePolicyWeight=90 -Dsun.zip.disableMemoryMapping=true -Xmx2G -Xms100m -Xlog:disable -javaagent:c:\Users\HP\.vscode\extensions\redhat.java-1.43.0-win32-x64\lombok\lombok-1.18.39-4050.jar -XX:+HeapDumpOnOutOfMemoryError -XX:HeapDumpPath=c:\Users\HP\AppData\Roaming\Code\User\workspaceStorage\15d1bb7da87e680aaff2ad44886131b7\redhat.java -Daether.dependencyCollector.impl=bf 
java_command: c:\Users\HP\.vscode\extensions\redhat.java-1.43.0-win32-x64\server\plugins\org.eclipse.equinox.launcher_1.7.0.v20250519-0528.jar -configuration c:\Users\HP\AppData\Roaming\Code\User\globalStorage\redhat.java\1.43.0\config_win -data c:\Users\HP\AppData\Roaming\Code\User\workspaceStorage\15d1bb7da87e680aaff2ad44886131b7\redhat.java\jdt_ws --pipe=\\.\pipe\lsp-deb7e353748d5e4a70e640d680920dd4-sock
java_class_path (initial): c:\Users\HP\.vscode\extensions\redhat.java-1.43.0-win32-x64\server\plugins\org.eclipse.equinox.launcher_1.7.0.v20250519-0528.jar
Launcher Type: SUN_STANDARD

[Global flags]
    uintx AdaptiveSizePolicyWeight                 = 90                                        {product} {command line}
     intx CICompilerCount                          = 4                                         {product} {ergonomic}
    uintx GCTimeRatio                              = 4                                         {product} {command line}
     bool HeapDumpOnOutOfMemoryError               = true                                   {manageable} {command line}
    ccstr HeapDumpPath                             = c:\Users\HP\AppData\Roaming\Code\User\workspaceStorage\15d1bb7da87e680aaff2ad44886131b7\redhat.java         {manageable} {command line}
   size_t InitialHeapSize                          = 104857600                                 {product} {command line}
   size_t MaxHeapSize                              = 2147483648                                {product} {command line}
   size_t MaxNewSize                               = 715653120                                 {product} {ergonomic}
   size_t MinHeapDeltaBytes                        = 524288                                    {product} {ergonomic}
   size_t MinHeapSize                              = 104857600                                 {product} {command line}
   size_t NewSize                                  = 34603008                                  {product} {ergonomic}
    uintx NonNMethodCodeHeapSize                   = 5839372                                {pd product} {ergonomic}
    uintx NonProfiledCodeHeapSize                  = 122909434                              {pd product} {ergonomic}
   size_t OldSize                                  = 70254592                                  {product} {ergonomic}
    uintx ProfiledCodeHeapSize                     = 122909434                              {pd product} {ergonomic}
    uintx ReservedCodeCacheSize                    = 251658240                              {pd product} {ergonomic}
     bool SegmentedCodeCache                       = true                                      {product} {ergonomic}
   size_t SoftMaxHeapSize                          = 2147483648                             {manageable} {ergonomic}
     bool UseCompressedOops                        = true                           {product lp64_product} {ergonomic}
     bool UseLargePagesIndividualAllocation        = false                                  {pd product} {ergonomic}
     bool UseParallelGC                            = true                                      {product} {command line}

Logging:
Log output configuration:
 #0: stdout all=off uptime,level,tags foldmultilines=false
 #1: stderr all=off uptime,level,tags foldmultilines=false

Environment Variables:
JAVA_HOME=C:\Program Files\Eclipse Adoptium\jdk-21.0.7.6-hotspot
PATH=C:\Program Files\Eclipse Adoptium\jdk-21.0.7.6-hotspot\bin;C:\Python313\Scripts\;C:\Python313\;C:\WINDOWS\system32;C:\WINDOWS;C:\WINDOWS\System32\Wbem;C:\WINDOWS\System32\WindowsPowerShell\v1.0\;C:\WINDOWS\System32\OpenSSH\;C:\ProgramData\chocolatey\bin;C:\Program Files\nodejs\;C:\Program Files\MongoDB\Server\8.0\bin;C:\Program Files\Git\cmd;C:\Program Files\Docker\Docker\resources\bin;C:\Program Files\Eclipse Adoptium\jdk-21.0.7.6-hotspot\bin;C:\Program Files\apache-maven-3.9.10\bin;C:\Program Files\MySQL\MySQL Shell 8.0\bin\;C:\Users\HP\AppData\Local\Microsoft\WindowsApps;C:\Users\HP\AppData\Local\Programs\Microsoft VS Code\bin;C:\Users\HP\AppData\Roaming\npm;;C:\Program Files\JetBrains\IntelliJ IDEA Community Edition 2025.1.3\bin;
USERNAME=HP
OS=Windows_NT
PROCESSOR_IDENTIFIER=AMD64 Family 25 Model 80 Stepping 0, AuthenticAMD
TMP=C:\Users\HP\AppData\Local\Temp
TEMP=C:\Users\HP\AppData\Local\Temp




Periodic native trim disabled

---------------  S Y S T E M  ---------------

OS:
 Windows 11 , 64 bit Build 26100 (10.0.26100.4202)
OS uptime: 0 days 1:28 hours
Hyper-V role detected

CPU: total 12 (initial active 12) (12 cores per cpu, 2 threads per core) family 25 model 80 stepping 0 microcode 0xa500011, cx8, cmov, fxsr, ht, mmx, 3dnowpref, sse, sse2, sse3, ssse3, sse4a, sse4.1, sse4.2, popcnt, lzcnt, tsc, tscinvbit, avx, avx2, aes, erms, clmul, bmi1, bmi2, adx, sha, fma, vzeroupper, clflush, clflushopt, hv, rdtscp, rdpid, fsrm, f16c, cet_ss
Processor Information for the first 12 processors :
  Max Mhz: 2301, Current Mhz: 2301, Mhz Limit: 2301

Memory: 4k page, system-wide physical 3424M (199M free)
TotalPageFile size 14176M (AvailPageFile size 1M)
current process WorkingSet (physical memory assigned to process): 305M, peak: 584M
current process commit charge ("private bytes"): 1490M, peak: 1491M

vm_info: OpenJDK 64-Bit Server VM (21.0.7+6-LTS) for windows-amd64 JRE (21.0.7+6-LTS), built on 2025-04-15T00:00:00Z by "admin" with MS VC++ 17.7 (VS2022)

END.
